[0.097s] DEBUG:colcon:Command line arguments: ['/usr/bin/colcon', 'build', '--symlink-install']
[0.097s] DEBUG:colcon:Parsed command line arguments: Namespace(log_base=None, log_level=None, verb_name='build', build_base='build', install_base='install', merge_install=False, symlink_install=True, test_result_base=None, continue_on_error=False, executor='parallel', parallel_workers=1, event_handlers=None, ignore_user_meta=False, metas=['./colcon.meta'], base_paths=['.'], packages_ignore=None, packages_ignore_regex=None, paths=None, packages_up_to=None, packages_up_to_regex=None, packages_above=None, packages_above_and_dependencies=None, packages_above_depth=None, packages_select_by_dep=None, packages_skip_by_dep=None, packages_skip_up_to=None, packages_select_build_failed=False, packages_skip_build_finished=False, packages_select_test_failures=False, packages_skip_test_passed=False, packages_select=None, packages_skip=None, packages_select_regex=None, packages_skip_regex=None, packages_start=None, packages_end=None, allow_overriding=[], cmake_args=None, cmake_target=None, cmake_target_skip_unavailable=False, cmake_clean_cache=False, cmake_clean_first=False, cmake_force_configure=False, ament_cmake_args=None, catkin_cmake_args=None, catkin_skip_building_tests=False, mixin_files=None, mixin=None, verb_parser=<colcon_mixin.mixin.mixin_argument.MixinArgumentDecorator object at 0xe60ff4469a90>, verb_extension=<colcon_core.verb.build.BuildVerb object at 0xe60ff43ef860>, main=<bound method BuildVerb.main of <colcon_core.verb.build.BuildVerb object at 0xe60ff43ef860>>, mixin_verb=('build',))
[0.181s] Level 1:colcon.colcon_core.package_discovery:discover_packages(colcon_meta) check parameters
[0.181s] Level 1:colcon.colcon_core.package_discovery:discover_packages(recursive) check parameters
[0.181s] Level 1:colcon.colcon_core.package_discovery:discover_packages(ignore) check parameters
[0.181s] Level 1:colcon.colcon_core.package_discovery:discover_packages(path) check parameters
[0.181s] Level 1:colcon.colcon_core.package_discovery:discover_packages(colcon_meta) discover
[0.181s] Level 1:colcon.colcon_core.package_discovery:discover_packages(recursive) discover
[0.181s] INFO:colcon.colcon_core.package_discovery:Crawling recursively for packages in '/home/vboxuser/ros2_ws'
[0.181s] Level 1:colcon.colcon_core.package_identification:_identify(.) by extensions ['ignore', 'ignore_ament_install']
[0.181s] Level 1:colcon.colcon_core.package_identification:_identify(.) by extension 'ignore'
[0.181s] Level 1:colcon.colcon_core.package_identification:_identify(.) by extension 'ignore_ament_install'
[0.181s] Level 1:colcon.colcon_core.package_identification:_identify(.) by extensions ['colcon_pkg']
[0.181s] Level 1:colcon.colcon_core.package_identification:_identify(.) by extension 'colcon_pkg'
[0.181s] Level 1:colcon.colcon_core.package_identification:_identify(.) by extensions ['colcon_meta']
[0.181s] Level 1:colcon.colcon_core.package_identification:_identify(.) by extension 'colcon_meta'
[0.181s] Level 1:colcon.colcon_core.package_identification:_identify(.) by extensions ['ros']
[0.181s] Level 1:colcon.colcon_core.package_identification:_identify(.) by extension 'ros'
[0.196s] Level 1:colcon.colcon_core.package_identification:_identify(.) by extensions ['cmake', 'python']
[0.196s] Level 1:colcon.colcon_core.package_identification:_identify(.) by extension 'cmake'
[0.196s] Level 1:colcon.colcon_core.package_identification:_identify(.) by extension 'python'
[0.196s] Level 1:colcon.colcon_core.package_identification:_identify(.) by extensions ['python_setup_py']
[0.196s] Level 1:colcon.colcon_core.package_identification:_identify(.) by extension 'python_setup_py'
[0.196s] Level 1:colcon.colcon_core.package_identification:_identify(build) by extensions ['ignore', 'ignore_ament_install']
[0.196s] Level 1:colcon.colcon_core.package_identification:_identify(build) by extension 'ignore'
[0.196s] Level 1:colcon.colcon_core.package_identification:_identify(build) ignored
[0.196s] Level 1:colcon.colcon_core.package_identification:_identify(install) by extensions ['ignore', 'ignore_ament_install']
[0.196s] Level 1:colcon.colcon_core.package_identification:_identify(install) by extension 'ignore'
[0.196s] Level 1:colcon.colcon_core.package_identification:_identify(install) ignored
[0.196s] Level 1:colcon.colcon_core.package_identification:_identify(log) by extensions ['ignore', 'ignore_ament_install']
[0.196s] Level 1:colcon.colcon_core.package_identification:_identify(log) by extension 'ignore'
[0.196s] Level 1:colcon.colcon_core.package_identification:_identify(log) ignored
[0.197s] Level 1:colcon.colcon_core.package_identification:_identify(src) by extensions ['ignore', 'ignore_ament_install']
[0.197s] Level 1:colcon.colcon_core.package_identification:_identify(src) by extension 'ignore'
[0.197s] Level 1:colcon.colcon_core.package_identification:_identify(src) by extension 'ignore_ament_install'
[0.197s] Level 1:colcon.colcon_core.package_identification:_identify(src) by extensions ['colcon_pkg']
[0.197s] Level 1:colcon.colcon_core.package_identification:_identify(src) by extension 'colcon_pkg'
[0.197s] Level 1:colcon.colcon_core.package_identification:_identify(src) by extensions ['colcon_meta']
[0.197s] Level 1:colcon.colcon_core.package_identification:_identify(src) by extension 'colcon_meta'
[0.197s] Level 1:colcon.colcon_core.package_identification:_identify(src) by extensions ['ros']
[0.197s] Level 1:colcon.colcon_core.package_identification:_identify(src) by extension 'ros'
[0.197s] Level 1:colcon.colcon_core.package_identification:_identify(src) by extensions ['cmake', 'python']
[0.197s] Level 1:colcon.colcon_core.package_identification:_identify(src) by extension 'cmake'
[0.197s] Level 1:colcon.colcon_core.package_identification:_identify(src) by extension 'python'
[0.197s] Level 1:colcon.colcon_core.package_identification:_identify(src) by extensions ['python_setup_py']
[0.197s] Level 1:colcon.colcon_core.package_identification:_identify(src) by extension 'python_setup_py'
[0.197s] Level 1:colcon.colcon_core.package_identification:_identify(src/flembot_bringup) by extensions ['ignore', 'ignore_ament_install']
[0.197s] Level 1:colcon.colcon_core.package_identification:_identify(src/flembot_bringup) by extension 'ignore'
[0.197s] Level 1:colcon.colcon_core.package_identification:_identify(src/flembot_bringup) by extension 'ignore_ament_install'
[0.197s] Level 1:colcon.colcon_core.package_identification:_identify(src/flembot_bringup) by extensions ['colcon_pkg']
[0.197s] Level 1:colcon.colcon_core.package_identification:_identify(src/flembot_bringup) by extension 'colcon_pkg'
[0.197s] Level 1:colcon.colcon_core.package_identification:_identify(src/flembot_bringup) by extensions ['colcon_meta']
[0.197s] Level 1:colcon.colcon_core.package_identification:_identify(src/flembot_bringup) by extension 'colcon_meta'
[0.197s] Level 1:colcon.colcon_core.package_identification:_identify(src/flembot_bringup) by extensions ['ros']
[0.197s] Level 1:colcon.colcon_core.package_identification:_identify(src/flembot_bringup) by extension 'ros'
[0.199s] DEBUG:colcon.colcon_core.package_identification:Package 'src/flembot_bringup' with type 'ros.ament_python' and name 'flembot_bringup'
[0.199s] Level 1:colcon.colcon_core.package_identification:_identify(src/flembot_control) by extensions ['ignore', 'ignore_ament_install']
[0.199s] Level 1:colcon.colcon_core.package_identification:_identify(src/flembot_control) by extension 'ignore'
[0.199s] Level 1:colcon.colcon_core.package_identification:_identify(src/flembot_control) by extension 'ignore_ament_install'
[0.199s] Level 1:colcon.colcon_core.package_identification:_identify(src/flembot_control) by extensions ['colcon_pkg']
[0.199s] Level 1:colcon.colcon_core.package_identification:_identify(src/flembot_control) by extension 'colcon_pkg'
[0.199s] Level 1:colcon.colcon_core.package_identification:_identify(src/flembot_control) by extensions ['colcon_meta']
[0.199s] Level 1:colcon.colcon_core.package_identification:_identify(src/flembot_control) by extension 'colcon_meta'
[0.199s] Level 1:colcon.colcon_core.package_identification:_identify(src/flembot_control) by extensions ['ros']
[0.199s] Level 1:colcon.colcon_core.package_identification:_identify(src/flembot_control) by extension 'ros'
[0.199s] DEBUG:colcon.colcon_core.package_identification:Package 'src/flembot_control' with type 'ros.ament_python' and name 'flembot_control'
[0.199s] Level 1:colcon.colcon_core.package_identification:_identify(src/flembot_description) by extensions ['ignore', 'ignore_ament_install']
[0.199s] Level 1:colcon.colcon_core.package_identification:_identify(src/flembot_description) by extension 'ignore'
[0.199s] Level 1:colcon.colcon_core.package_identification:_identify(src/flembot_description) by extension 'ignore_ament_install'
[0.199s] Level 1:colcon.colcon_core.package_identification:_identify(src/flembot_description) by extensions ['colcon_pkg']
[0.199s] Level 1:colcon.colcon_core.package_identification:_identify(src/flembot_description) by extension 'colcon_pkg'
[0.199s] Level 1:colcon.colcon_core.package_identification:_identify(src/flembot_description) by extensions ['colcon_meta']
[0.199s] Level 1:colcon.colcon_core.package_identification:_identify(src/flembot_description) by extension 'colcon_meta'
[0.199s] Level 1:colcon.colcon_core.package_identification:_identify(src/flembot_description) by extensions ['ros']
[0.199s] Level 1:colcon.colcon_core.package_identification:_identify(src/flembot_description) by extension 'ros'
[0.200s] DEBUG:colcon.colcon_core.package_identification:Package 'src/flembot_description' with type 'ros.ament_cmake' and name 'flembot_description'
[0.200s] Level 1:colcon.colcon_core.package_discovery:discover_packages(recursive) using defaults
[0.200s] Level 1:colcon.colcon_core.package_discovery:discover_packages(ignore) discover
[0.200s] Level 1:colcon.colcon_core.package_discovery:discover_packages(ignore) using defaults
[0.200s] Level 1:colcon.colcon_core.package_discovery:discover_packages(path) discover
[0.200s] Level 1:colcon.colcon_core.package_discovery:discover_packages(path) using defaults
[0.216s] Level 1:colcon.colcon_core.package_discovery:discover_packages(prefix_path) check parameters
[0.216s] Level 1:colcon.colcon_core.package_discovery:discover_packages(prefix_path) discover
[0.218s] WARNING:colcon.colcon_ros.prefix_path.ament:The path '/home/vboxuser/ros2_ws/install/flembot_description' in the environment variable AMENT_PREFIX_PATH doesn't exist
[0.218s] WARNING:colcon.colcon_ros.prefix_path.ament:The path '/home/vboxuser/ros2_ws/install/flembot_control' in the environment variable AMENT_PREFIX_PATH doesn't exist
[0.218s] WARNING:colcon.colcon_ros.prefix_path.ament:The path '/home/vboxuser/ros2_ws/install/flembot_bringup' in the environment variable AMENT_PREFIX_PATH doesn't exist
[0.218s] WARNING:colcon.colcon_ros.prefix_path.catkin:The path '/home/vboxuser/ros2_ws/install/flembot_description' in the environment variable CMAKE_PREFIX_PATH doesn't exist
[0.221s] DEBUG:colcon.colcon_installed_package_information.package_discovery:Found 0 installed packages in /home/vboxuser/ros2_ws/install
[0.221s] DEBUG:colcon.colcon_installed_package_information.package_discovery:Found 315 installed packages in /opt/ros/jazzy
[0.222s] Level 1:colcon.colcon_core.package_discovery:discover_packages(prefix_path) using defaults
[0.276s] Level 5:colcon.colcon_core.verb:set package 'flembot_bringup' build argument 'cmake_args' from command line to 'None'
[0.276s] Level 5:colcon.colcon_core.verb:set package 'flembot_bringup' build argument 'cmake_target' from command line to 'None'
[0.276s] Level 5:colcon.colcon_core.verb:set package 'flembot_bringup' build argument 'cmake_target_skip_unavailable' from command line to 'False'
[0.276s] Level 5:colcon.colcon_core.verb:set package 'flembot_bringup' build argument 'cmake_clean_cache' from command line to 'False'
[0.276s] Level 5:colcon.colcon_core.verb:set package 'flembot_bringup' build argument 'cmake_clean_first' from command line to 'False'
[0.276s] Level 5:colcon.colcon_core.verb:set package 'flembot_bringup' build argument 'cmake_force_configure' from command line to 'False'
[0.276s] Level 5:colcon.colcon_core.verb:set package 'flembot_bringup' build argument 'ament_cmake_args' from command line to 'None'
[0.276s] Level 5:colcon.colcon_core.verb:set package 'flembot_bringup' build argument 'catkin_cmake_args' from command line to 'None'
[0.276s] Level 5:colcon.colcon_core.verb:set package 'flembot_bringup' build argument 'catkin_skip_building_tests' from command line to 'False'
[0.276s] DEBUG:colcon.colcon_core.verb:Building package 'flembot_bringup' with the following arguments: {'ament_cmake_args': None, 'build_base': '/home/vboxuser/ros2_ws/build/flembot_bringup', 'catkin_cmake_args': None, 'catkin_skip_building_tests': False, 'cmake_args': None, 'cmake_clean_cache': False, 'cmake_clean_first': False, 'cmake_force_configure': False, 'cmake_target': None, 'cmake_target_skip_unavailable': False, 'install_base': '/home/vboxuser/ros2_ws/install/flembot_bringup', 'merge_install': False, 'path': '/home/vboxuser/ros2_ws/src/flembot_bringup', 'symlink_install': True, 'test_result_base': None}
[0.276s] Level 5:colcon.colcon_core.verb:set package 'flembot_control' build argument 'cmake_args' from command line to 'None'
[0.276s] Level 5:colcon.colcon_core.verb:set package 'flembot_control' build argument 'cmake_target' from command line to 'None'
[0.276s] Level 5:colcon.colcon_core.verb:set package 'flembot_control' build argument 'cmake_target_skip_unavailable' from command line to 'False'
[0.276s] Level 5:colcon.colcon_core.verb:set package 'flembot_control' build argument 'cmake_clean_cache' from command line to 'False'
[0.276s] Level 5:colcon.colcon_core.verb:set package 'flembot_control' build argument 'cmake_clean_first' from command line to 'False'
[0.276s] Level 5:colcon.colcon_core.verb:set package 'flembot_control' build argument 'cmake_force_configure' from command line to 'False'
[0.276s] Level 5:colcon.colcon_core.verb:set package 'flembot_control' build argument 'ament_cmake_args' from command line to 'None'
[0.276s] Level 5:colcon.colcon_core.verb:set package 'flembot_control' build argument 'catkin_cmake_args' from command line to 'None'
[0.276s] Level 5:colcon.colcon_core.verb:set package 'flembot_control' build argument 'catkin_skip_building_tests' from command line to 'False'
[0.276s] DEBUG:colcon.colcon_core.verb:Building package 'flembot_control' with the following arguments: {'ament_cmake_args': None, 'build_base': '/home/vboxuser/ros2_ws/build/flembot_control', 'catkin_cmake_args': None, 'catkin_skip_building_tests': False, 'cmake_args': None, 'cmake_clean_cache': False, 'cmake_clean_first': False, 'cmake_force_configure': False, 'cmake_target': None, 'cmake_target_skip_unavailable': False, 'install_base': '/home/vboxuser/ros2_ws/install/flembot_control', 'merge_install': False, 'path': '/home/vboxuser/ros2_ws/src/flembot_control', 'symlink_install': True, 'test_result_base': None}
[0.276s] Level 5:colcon.colcon_core.verb:set package 'flembot_description' build argument 'cmake_args' from command line to 'None'
[0.276s] Level 5:colcon.colcon_core.verb:set package 'flembot_description' build argument 'cmake_target' from command line to 'None'
[0.276s] Level 5:colcon.colcon_core.verb:set package 'flembot_description' build argument 'cmake_target_skip_unavailable' from command line to 'False'
[0.276s] Level 5:colcon.colcon_core.verb:set package 'flembot_description' build argument 'cmake_clean_cache' from command line to 'False'
[0.276s] Level 5:colcon.colcon_core.verb:set package 'flembot_description' build argument 'cmake_clean_first' from command line to 'False'
[0.276s] Level 5:colcon.colcon_core.verb:set package 'flembot_description' build argument 'cmake_force_configure' from command line to 'False'
[0.276s] Level 5:colcon.colcon_core.verb:set package 'flembot_description' build argument 'ament_cmake_args' from command line to 'None'
[0.276s] Level 5:colcon.colcon_core.verb:set package 'flembot_description' build argument 'catkin_cmake_args' from command line to 'None'
[0.276s] Level 5:colcon.colcon_core.verb:set package 'flembot_description' build argument 'catkin_skip_building_tests' from command line to 'False'
[0.276s] DEBUG:colcon.colcon_core.verb:Building package 'flembot_description' with the following arguments: {'ament_cmake_args': None, 'build_base': '/home/vboxuser/ros2_ws/build/flembot_description', 'catkin_cmake_args': None, 'catkin_skip_building_tests': False, 'cmake_args': None, 'cmake_clean_cache': False, 'cmake_clean_first': False, 'cmake_force_configure': False, 'cmake_target': None, 'cmake_target_skip_unavailable': False, 'install_base': '/home/vboxuser/ros2_ws/install/flembot_description', 'merge_install': False, 'path': '/home/vboxuser/ros2_ws/src/flembot_description', 'symlink_install': True, 'test_result_base': None}
[0.276s] INFO:colcon.colcon_core.executor:Executing jobs using 'parallel' executor
[0.277s] DEBUG:colcon.colcon_parallel_executor.executor.parallel:run_until_complete
[0.277s] INFO:colcon.colcon_ros.task.ament_python.build:Building ROS package in '/home/vboxuser/ros2_ws/src/flembot_bringup' with build type 'ament_python'
[0.277s] Level 1:colcon.colcon_core.shell:create_environment_hook('flembot_bringup', 'ament_prefix_path')
[0.281s] INFO:colcon.colcon_core.plugin_system:Skipping extension 'colcon_core.shell.bat': Not used on non-Windows systems
[0.281s] INFO:colcon.colcon_core.shell:Creating environment hook '/home/vboxuser/ros2_ws/install/flembot_bringup/share/flembot_bringup/hook/ament_prefix_path.ps1'
[0.282s] INFO:colcon.colcon_core.shell:Creating environment descriptor '/home/vboxuser/ros2_ws/install/flembot_bringup/share/flembot_bringup/hook/ament_prefix_path.dsv'
[0.282s] INFO:colcon.colcon_core.shell:Creating environment hook '/home/vboxuser/ros2_ws/install/flembot_bringup/share/flembot_bringup/hook/ament_prefix_path.sh'
[0.283s] INFO:colcon.colcon_core.shell:Skip shell extension 'powershell' for command environment: Not usable outside of PowerShell
[0.283s] DEBUG:colcon.colcon_core.shell:Skip shell extension 'dsv' for command environment
[0.458s] INFO:colcon.colcon_core.task.python.build:Building Python package in '/home/vboxuser/ros2_ws/src/flembot_bringup'
[0.458s] INFO:colcon.colcon_core.shell:Skip shell extension 'powershell' for command environment: Not usable outside of PowerShell
[0.459s] DEBUG:colcon.colcon_core.shell:Skip shell extension 'dsv' for command environment
[1.013s] DEBUG:colcon.colcon_core.event_handler.log_command:Invoking command in '/home/vboxuser/ros2_ws/build/flembot_bringup': DEBUGINFOD_URLS=https://debuginfod.ubuntu.com PYTHONPATH=/home/vboxuser/ros2_ws/build/flembot_bringup/prefix_override:/usr/lib/python3/dist-packages/colcon_core/task/python/colcon_distutils_commands:/home/vboxuser/ros2_ws/install/flembot_bringup/lib/python3.12/site-packages:${PYTHONPATH} /usr/bin/python3 -W ignore:setup.py install is deprecated -W ignore:easy_install command is deprecated setup.py develop --editable --build-directory /home/vboxuser/ros2_ws/build/flembot_bringup/build --no-deps symlink_data
[1.405s] Level 1:colcon.colcon_core.shell:create_environment_hook('flembot_bringup', 'pythonpath_develop')
[1.405s] DEBUG:colcon.colcon_core.event_handler.log_command:Invoked command in '/home/vboxuser/ros2_ws/build/flembot_bringup' returned '0': DEBUGINFOD_URLS=https://debuginfod.ubuntu.com PYTHONPATH=/home/vboxuser/ros2_ws/build/flembot_bringup/prefix_override:/usr/lib/python3/dist-packages/colcon_core/task/python/colcon_distutils_commands:/home/vboxuser/ros2_ws/install/flembot_bringup/lib/python3.12/site-packages:${PYTHONPATH} /usr/bin/python3 -W ignore:setup.py install is deprecated -W ignore:easy_install command is deprecated setup.py develop --editable --build-directory /home/vboxuser/ros2_ws/build/flembot_bringup/build --no-deps symlink_data
[1.405s] INFO:colcon.colcon_core.shell:Creating environment hook '/home/vboxuser/ros2_ws/build/flembot_bringup/share/flembot_bringup/hook/pythonpath_develop.ps1'
[1.406s] INFO:colcon.colcon_core.shell:Creating environment descriptor '/home/vboxuser/ros2_ws/build/flembot_bringup/share/flembot_bringup/hook/pythonpath_develop.dsv'
[1.406s] INFO:colcon.colcon_core.shell:Creating environment hook '/home/vboxuser/ros2_ws/build/flembot_bringup/share/flembot_bringup/hook/pythonpath_develop.sh'
[1.412s] Level 1:colcon.colcon_core.environment:checking '/home/vboxuser/ros2_ws/install/flembot_bringup' for CMake module files
[1.412s] Level 1:colcon.colcon_core.environment:checking '/home/vboxuser/ros2_ws/install/flembot_bringup' for CMake config files
[1.413s] Level 1:colcon.colcon_core.environment:checking '/home/vboxuser/ros2_ws/install/flembot_bringup/lib'
[1.413s] Level 1:colcon.colcon_core.environment:checking '/home/vboxuser/ros2_ws/install/flembot_bringup/bin'
[1.413s] Level 1:colcon.colcon_core.environment:checking '/home/vboxuser/ros2_ws/install/flembot_bringup/lib/pkgconfig/flembot_bringup.pc'
[1.413s] Level 1:colcon.colcon_core.environment:checking '/home/vboxuser/ros2_ws/install/flembot_bringup/lib/python3.12/site-packages'
[1.413s] Level 1:colcon.colcon_core.shell:create_environment_hook('flembot_bringup', 'pythonpath')
[1.413s] INFO:colcon.colcon_core.shell:Creating environment hook '/home/vboxuser/ros2_ws/install/flembot_bringup/share/flembot_bringup/hook/pythonpath.ps1'
[1.413s] INFO:colcon.colcon_core.shell:Creating environment descriptor '/home/vboxuser/ros2_ws/install/flembot_bringup/share/flembot_bringup/hook/pythonpath.dsv'
[1.413s] INFO:colcon.colcon_core.shell:Creating environment hook '/home/vboxuser/ros2_ws/install/flembot_bringup/share/flembot_bringup/hook/pythonpath.sh'
[1.413s] Level 1:colcon.colcon_core.environment:checking '/home/vboxuser/ros2_ws/install/flembot_bringup/bin'
[1.413s] Level 1:colcon.colcon_core.environment:create_environment_scripts_only(flembot_bringup)
[1.413s] INFO:colcon.colcon_core.shell:Creating package script '/home/vboxuser/ros2_ws/install/flembot_bringup/share/flembot_bringup/package.ps1'
[1.414s] INFO:colcon.colcon_core.shell:Creating package descriptor '/home/vboxuser/ros2_ws/install/flembot_bringup/share/flembot_bringup/package.dsv'
[1.414s] INFO:colcon.colcon_core.shell:Creating package script '/home/vboxuser/ros2_ws/install/flembot_bringup/share/flembot_bringup/package.sh'
[1.415s] INFO:colcon.colcon_core.shell:Creating package script '/home/vboxuser/ros2_ws/install/flembot_bringup/share/flembot_bringup/package.bash'
[1.415s] INFO:colcon.colcon_core.shell:Creating package script '/home/vboxuser/ros2_ws/install/flembot_bringup/share/flembot_bringup/package.zsh'
[1.416s] Level 1:colcon.colcon_core.environment:create_file_with_runtime_dependencies(/home/vboxuser/ros2_ws/install/flembot_bringup/share/colcon-core/packages/flembot_bringup)
[1.418s] INFO:colcon.colcon_ros.task.ament_python.build:Building ROS package in '/home/vboxuser/ros2_ws/src/flembot_control' with build type 'ament_python'
[1.418s] Level 1:colcon.colcon_core.shell:create_environment_hook('flembot_control', 'ament_prefix_path')
[1.418s] INFO:colcon.colcon_core.shell:Creating environment hook '/home/vboxuser/ros2_ws/install/flembot_control/share/flembot_control/hook/ament_prefix_path.ps1'
[1.419s] INFO:colcon.colcon_core.shell:Creating environment descriptor '/home/vboxuser/ros2_ws/install/flembot_control/share/flembot_control/hook/ament_prefix_path.dsv'
[1.419s] INFO:colcon.colcon_core.shell:Creating environment hook '/home/vboxuser/ros2_ws/install/flembot_control/share/flembot_control/hook/ament_prefix_path.sh'
[1.419s] INFO:colcon.colcon_core.shell:Skip shell extension 'powershell' for command environment: Not usable outside of PowerShell
[1.419s] DEBUG:colcon.colcon_core.shell:Skip shell extension 'dsv' for command environment
[1.573s] INFO:colcon.colcon_core.task.python.build:Building Python package in '/home/vboxuser/ros2_ws/src/flembot_control'
[1.573s] INFO:colcon.colcon_core.shell:Skip shell extension 'powershell' for command environment: Not usable outside of PowerShell
[1.573s] DEBUG:colcon.colcon_core.shell:Skip shell extension 'dsv' for command environment
[1.943s] DEBUG:colcon.colcon_core.event_handler.log_command:Invoking command in '/home/vboxuser/ros2_ws/build/flembot_control': DEBUGINFOD_URLS=https://debuginfod.ubuntu.com PYTHONPATH=/home/vboxuser/ros2_ws/build/flembot_control/prefix_override:/usr/lib/python3/dist-packages/colcon_core/task/python/colcon_distutils_commands:/home/vboxuser/ros2_ws/install/flembot_control/lib/python3.12/site-packages:${PYTHONPATH} /usr/bin/python3 -W ignore:setup.py install is deprecated -W ignore:easy_install command is deprecated setup.py develop --editable --build-directory /home/vboxuser/ros2_ws/build/flembot_control/build --no-deps symlink_data
[2.280s] Level 1:colcon.colcon_core.shell:create_environment_hook('flembot_control', 'pythonpath_develop')
[2.280s] INFO:colcon.colcon_core.shell:Creating environment hook '/home/vboxuser/ros2_ws/build/flembot_control/share/flembot_control/hook/pythonpath_develop.ps1'
[2.281s] INFO:colcon.colcon_core.shell:Creating environment descriptor '/home/vboxuser/ros2_ws/build/flembot_control/share/flembot_control/hook/pythonpath_develop.dsv'
[2.281s] INFO:colcon.colcon_core.shell:Creating environment hook '/home/vboxuser/ros2_ws/build/flembot_control/share/flembot_control/hook/pythonpath_develop.sh'
[2.281s] Level 1:colcon.colcon_core.environment:checking '/home/vboxuser/ros2_ws/install/flembot_control' for CMake module files
[2.281s] Level 1:colcon.colcon_core.environment:checking '/home/vboxuser/ros2_ws/install/flembot_control' for CMake config files
[2.281s] DEBUG:colcon.colcon_core.event_handler.log_command:Invoked command in '/home/vboxuser/ros2_ws/build/flembot_control' returned '0': DEBUGINFOD_URLS=https://debuginfod.ubuntu.com PYTHONPATH=/home/vboxuser/ros2_ws/build/flembot_control/prefix_override:/usr/lib/python3/dist-packages/colcon_core/task/python/colcon_distutils_commands:/home/vboxuser/ros2_ws/install/flembot_control/lib/python3.12/site-packages:${PYTHONPATH} /usr/bin/python3 -W ignore:setup.py install is deprecated -W ignore:easy_install command is deprecated setup.py develop --editable --build-directory /home/vboxuser/ros2_ws/build/flembot_control/build --no-deps symlink_data
[2.281s] Level 1:colcon.colcon_core.environment:checking '/home/vboxuser/ros2_ws/install/flembot_control/lib'
[2.281s] Level 1:colcon.colcon_core.environment:checking '/home/vboxuser/ros2_ws/install/flembot_control/bin'
[2.281s] Level 1:colcon.colcon_core.environment:checking '/home/vboxuser/ros2_ws/install/flembot_control/lib/pkgconfig/flembot_control.pc'
[2.281s] Level 1:colcon.colcon_core.environment:checking '/home/vboxuser/ros2_ws/install/flembot_control/lib/python3.12/site-packages'
[2.281s] Level 1:colcon.colcon_core.shell:create_environment_hook('flembot_control', 'pythonpath')
[2.281s] INFO:colcon.colcon_core.shell:Creating environment hook '/home/vboxuser/ros2_ws/install/flembot_control/share/flembot_control/hook/pythonpath.ps1'
[2.282s] INFO:colcon.colcon_core.shell:Creating environment descriptor '/home/vboxuser/ros2_ws/install/flembot_control/share/flembot_control/hook/pythonpath.dsv'
[2.282s] INFO:colcon.colcon_core.shell:Creating environment hook '/home/vboxuser/ros2_ws/install/flembot_control/share/flembot_control/hook/pythonpath.sh'
[2.282s] Level 1:colcon.colcon_core.environment:checking '/home/vboxuser/ros2_ws/install/flembot_control/bin'
[2.282s] Level 1:colcon.colcon_core.environment:create_environment_scripts_only(flembot_control)
[2.282s] INFO:colcon.colcon_core.shell:Creating package script '/home/vboxuser/ros2_ws/install/flembot_control/share/flembot_control/package.ps1'
[2.282s] INFO:colcon.colcon_core.shell:Creating package descriptor '/home/vboxuser/ros2_ws/install/flembot_control/share/flembot_control/package.dsv'
[2.282s] INFO:colcon.colcon_core.shell:Creating package script '/home/vboxuser/ros2_ws/install/flembot_control/share/flembot_control/package.sh'
[2.282s] INFO:colcon.colcon_core.shell:Creating package script '/home/vboxuser/ros2_ws/install/flembot_control/share/flembot_control/package.bash'
[2.282s] INFO:colcon.colcon_core.shell:Creating package script '/home/vboxuser/ros2_ws/install/flembot_control/share/flembot_control/package.zsh'
[2.283s] Level 1:colcon.colcon_core.environment:create_file_with_runtime_dependencies(/home/vboxuser/ros2_ws/install/flembot_control/share/colcon-core/packages/flembot_control)
[2.284s] INFO:colcon.colcon_ros.task.ament_cmake.build:Building ROS package in '/home/vboxuser/ros2_ws/src/flembot_description' with build type 'ament_cmake'
[2.284s] INFO:colcon.colcon_cmake.task.cmake.build:Building CMake package in '/home/vboxuser/ros2_ws/src/flembot_description'
[2.284s] INFO:colcon.colcon_core.shell:Skip shell extension 'powershell' for command environment: Not usable outside of PowerShell
[2.284s] DEBUG:colcon.colcon_core.shell:Skip shell extension 'dsv' for command environment
[2.290s] DEBUG:colcon.colcon_core.event_handler.log_command:Invoking command in '/home/vboxuser/ros2_ws/build/flembot_description': CMAKE_PREFIX_PATH=${CMAKE_PREFIX_PATH}:/home/vboxuser/ros2_ws/install/flembot_control:/home/vboxuser/ros2_ws/install/flembot_bringup:/opt/ros/jazzy DEBUGINFOD_URLS=https://debuginfod.ubuntu.com /usr/bin/cmake /home/vboxuser/ros2_ws/src/flembot_description -DAMENT_CMAKE_SYMLINK_INSTALL=1 -DCMAKE_INSTALL_PREFIX=/home/vboxuser/ros2_ws/install/flembot_description
[2.946s] DEBUG:colcon.colcon_core.event_handler.log_command:Invoked command in '/home/vboxuser/ros2_ws/build/flembot_description' returned '0': CMAKE_PREFIX_PATH=${CMAKE_PREFIX_PATH}:/home/vboxuser/ros2_ws/install/flembot_control:/home/vboxuser/ros2_ws/install/flembot_bringup:/opt/ros/jazzy DEBUGINFOD_URLS=https://debuginfod.ubuntu.com /usr/bin/cmake /home/vboxuser/ros2_ws/src/flembot_description -DAMENT_CMAKE_SYMLINK_INSTALL=1 -DCMAKE_INSTALL_PREFIX=/home/vboxuser/ros2_ws/install/flembot_description
[2.947s] DEBUG:colcon.colcon_core.event_handler.log_command:Invoking command in '/home/vboxuser/ros2_ws/build/flembot_description': CMAKE_PREFIX_PATH=${CMAKE_PREFIX_PATH}:/home/vboxuser/ros2_ws/install/flembot_control:/home/vboxuser/ros2_ws/install/flembot_bringup:/opt/ros/jazzy DEBUGINFOD_URLS=https://debuginfod.ubuntu.com /usr/bin/cmake --build /home/vboxuser/ros2_ws/build/flembot_description -- -j1 -l1
[2.963s] DEBUG:colcon.colcon_core.event_handler.log_command:Invoked command in '/home/vboxuser/ros2_ws/build/flembot_description' returned '0': CMAKE_PREFIX_PATH=${CMAKE_PREFIX_PATH}:/home/vboxuser/ros2_ws/install/flembot_control:/home/vboxuser/ros2_ws/install/flembot_bringup:/opt/ros/jazzy DEBUGINFOD_URLS=https://debuginfod.ubuntu.com /usr/bin/cmake --build /home/vboxuser/ros2_ws/build/flembot_description -- -j1 -l1
[2.968s] DEBUG:colcon.colcon_core.event_handler.log_command:Invoking command in '/home/vboxuser/ros2_ws/build/flembot_description': CMAKE_PREFIX_PATH=${CMAKE_PREFIX_PATH}:/home/vboxuser/ros2_ws/install/flembot_control:/home/vboxuser/ros2_ws/install/flembot_bringup:/opt/ros/jazzy DEBUGINFOD_URLS=https://debuginfod.ubuntu.com /usr/bin/cmake --install /home/vboxuser/ros2_ws/build/flembot_description
[3.037s] Level 1:colcon.colcon_core.environment:create_environment_scripts_only(flembot_description)
[3.037s] Level 1:colcon.colcon_core.environment:checking '/home/vboxuser/ros2_ws/install/flembot_description' for CMake module files
[3.037s] DEBUG:colcon.colcon_core.event_handler.log_command:Invoked command in '/home/vboxuser/ros2_ws/build/flembot_description' returned '0': CMAKE_PREFIX_PATH=${CMAKE_PREFIX_PATH}:/home/vboxuser/ros2_ws/install/flembot_control:/home/vboxuser/ros2_ws/install/flembot_bringup:/opt/ros/jazzy DEBUGINFOD_URLS=https://debuginfod.ubuntu.com /usr/bin/cmake --install /home/vboxuser/ros2_ws/build/flembot_description
[3.037s] Level 1:colcon.colcon_core.environment:checking '/home/vboxuser/ros2_ws/install/flembot_description' for CMake config files
[3.037s] Level 1:colcon.colcon_core.shell:create_environment_hook('flembot_description', 'cmake_prefix_path')
[3.037s] INFO:colcon.colcon_core.shell:Creating environment hook '/home/vboxuser/ros2_ws/install/flembot_description/share/flembot_description/hook/cmake_prefix_path.ps1'
[3.038s] INFO:colcon.colcon_core.shell:Creating environment descriptor '/home/vboxuser/ros2_ws/install/flembot_description/share/flembot_description/hook/cmake_prefix_path.dsv'
[3.039s] INFO:colcon.colcon_core.shell:Creating environment hook '/home/vboxuser/ros2_ws/install/flembot_description/share/flembot_description/hook/cmake_prefix_path.sh'
[3.039s] Level 1:colcon.colcon_core.environment:checking '/home/vboxuser/ros2_ws/install/flembot_description/bin'
[3.039s] Level 1:colcon.colcon_core.environment:checking '/home/vboxuser/ros2_ws/install/flembot_description/lib/pkgconfig/flembot_description.pc'
[3.039s] Level 1:colcon.colcon_core.environment:checking '/home/vboxuser/ros2_ws/install/flembot_description/lib/python3.12/site-packages'
[3.039s] Level 1:colcon.colcon_core.environment:checking '/home/vboxuser/ros2_ws/install/flembot_description/bin'
[3.039s] INFO:colcon.colcon_core.shell:Creating package script '/home/vboxuser/ros2_ws/install/flembot_description/share/flembot_description/package.ps1'
[3.040s] INFO:colcon.colcon_core.shell:Creating package descriptor '/home/vboxuser/ros2_ws/install/flembot_description/share/flembot_description/package.dsv'
[3.040s] INFO:colcon.colcon_core.shell:Creating package script '/home/vboxuser/ros2_ws/install/flembot_description/share/flembot_description/package.sh'
[3.041s] INFO:colcon.colcon_core.shell:Creating package script '/home/vboxuser/ros2_ws/install/flembot_description/share/flembot_description/package.bash'
[3.041s] INFO:colcon.colcon_core.shell:Creating package script '/home/vboxuser/ros2_ws/install/flembot_description/share/flembot_description/package.zsh'
[3.041s] Level 1:colcon.colcon_core.environment:create_file_with_runtime_dependencies(/home/vboxuser/ros2_ws/install/flembot_description/share/colcon-core/packages/flembot_description)
[3.041s] Level 1:colcon.colcon_core.environment:create_environment_scripts_only(flembot_description)
[3.041s] Level 1:colcon.colcon_core.environment:checking '/home/vboxuser/ros2_ws/install/flembot_description' for CMake module files
[3.041s] Level 1:colcon.colcon_core.environment:checking '/home/vboxuser/ros2_ws/install/flembot_description' for CMake config files
[3.041s] Level 1:colcon.colcon_core.shell:create_environment_hook('flembot_description', 'cmake_prefix_path')
[3.041s] INFO:colcon.colcon_core.shell:Creating environment hook '/home/vboxuser/ros2_ws/install/flembot_description/share/flembot_description/hook/cmake_prefix_path.ps1'
[3.042s] INFO:colcon.colcon_core.shell:Creating environment descriptor '/home/vboxuser/ros2_ws/install/flembot_description/share/flembot_description/hook/cmake_prefix_path.dsv'
[3.042s] INFO:colcon.colcon_core.shell:Creating environment hook '/home/vboxuser/ros2_ws/install/flembot_description/share/flembot_description/hook/cmake_prefix_path.sh'
[3.042s] Level 1:colcon.colcon_core.environment:checking '/home/vboxuser/ros2_ws/install/flembot_description/bin'
[3.042s] Level 1:colcon.colcon_core.environment:checking '/home/vboxuser/ros2_ws/install/flembot_description/lib/pkgconfig/flembot_description.pc'
[3.042s] Level 1:colcon.colcon_core.environment:checking '/home/vboxuser/ros2_ws/install/flembot_description/lib/python3.12/site-packages'
[3.042s] Level 1:colcon.colcon_core.environment:checking '/home/vboxuser/ros2_ws/install/flembot_description/bin'
[3.042s] INFO:colcon.colcon_core.shell:Creating package script '/home/vboxuser/ros2_ws/install/flembot_description/share/flembot_description/package.ps1'
[3.042s] INFO:colcon.colcon_core.shell:Creating package descriptor '/home/vboxuser/ros2_ws/install/flembot_description/share/flembot_description/package.dsv'
[3.042s] INFO:colcon.colcon_core.shell:Creating package script '/home/vboxuser/ros2_ws/install/flembot_description/share/flembot_description/package.sh'
[3.043s] INFO:colcon.colcon_core.shell:Creating package script '/home/vboxuser/ros2_ws/install/flembot_description/share/flembot_description/package.bash'
[3.043s] INFO:colcon.colcon_core.shell:Creating package script '/home/vboxuser/ros2_ws/install/flembot_description/share/flembot_description/package.zsh'
[3.043s] Level 1:colcon.colcon_core.environment:create_file_with_runtime_dependencies(/home/vboxuser/ros2_ws/install/flembot_description/share/colcon-core/packages/flembot_description)
[3.045s] DEBUG:colcon.colcon_parallel_executor.executor.parallel:closing loop
[3.045s] DEBUG:colcon.colcon_parallel_executor.executor.parallel:loop closed
[3.045s] DEBUG:colcon.colcon_parallel_executor.executor.parallel:run_until_complete finished with '0'
[3.045s] DEBUG:colcon.colcon_core.event_reactor:joining thread
[3.061s] INFO:colcon.colcon_core.plugin_system:Skipping extension 'colcon_notification.desktop_notification.terminal_notifier': Not used on non-Darwin systems
[3.061s] INFO:colcon.colcon_core.plugin_system:Skipping extension 'colcon_notification.desktop_notification.win32': Not used on non-Windows systems
[3.061s] INFO:colcon.colcon_notification.desktop_notification:Sending desktop notification using 'notify2'
[3.107s] DEBUG:colcon.colcon_core.event_reactor:joined thread
[3.107s] INFO:colcon.colcon_core.shell:Creating prefix script '/home/vboxuser/ros2_ws/install/local_setup.ps1'
[3.108s] INFO:colcon.colcon_core.shell:Creating prefix util module '/home/vboxuser/ros2_ws/install/_local_setup_util_ps1.py'
[3.109s] INFO:colcon.colcon_core.shell:Creating prefix chain script '/home/vboxuser/ros2_ws/install/setup.ps1'
[3.111s] INFO:colcon.colcon_core.shell:Creating prefix script '/home/vboxuser/ros2_ws/install/local_setup.sh'
[3.111s] INFO:colcon.colcon_core.shell:Creating prefix util module '/home/vboxuser/ros2_ws/install/_local_setup_util_sh.py'
[3.111s] INFO:colcon.colcon_core.shell:Creating prefix chain script '/home/vboxuser/ros2_ws/install/setup.sh'
[3.112s] INFO:colcon.colcon_core.shell:Creating prefix script '/home/vboxuser/ros2_ws/install/local_setup.bash'
[3.114s] INFO:colcon.colcon_core.shell:Creating prefix chain script '/home/vboxuser/ros2_ws/install/setup.bash'
[3.115s] INFO:colcon.colcon_core.shell:Creating prefix script '/home/vboxuser/ros2_ws/install/local_setup.zsh'
[3.116s] INFO:colcon.colcon_core.shell:Creating prefix chain script '/home/vboxuser/ros2_ws/install/setup.zsh'
