running develop
running egg_info
creating flembot_bringup.egg-info
writing flembot_bringup.egg-info/PKG-INFO
writing dependency_links to flembot_bringup.egg-info/dependency_links.txt
writing requirements to flembot_bringup.egg-info/requires.txt
writing top-level names to flembot_bringup.egg-info/top_level.txt
writing manifest file 'flembot_bringup.egg-info/SOURCES.txt'
reading manifest file 'flembot_bringup.egg-info/SOURCES.txt'
writing manifest file 'flembot_bringup.egg-info/SOURCES.txt'
running build_ext
Creating /home/vboxuser/ros2_ws/install/flembot_bringup/lib/python3.12/site-packages/flembot-bringup.egg-link (link to .)

Installed /home/vboxuser/ros2_ws/build/flembot_bringup
running symlink_data
creating /home/vboxuser/ros2_ws/install/flembot_bringup/share/ament_index
creating /home/vboxuser/ros2_ws/install/flembot_bringup/share/ament_index/resource_index
creating /home/vboxuser/ros2_ws/install/flembot_bringup/share/ament_index/resource_index/packages
symbolically linking /home/vboxuser/ros2_ws/build/flembot_bringup/resource/flembot_bringup -> /home/vboxuser/ros2_ws/install/flembot_bringup/share/ament_index/resource_index/packages
symbolically linking /home/vboxuser/ros2_ws/build/flembot_bringup/package.xml -> /home/vboxuser/ros2_ws/install/flembot_bringup/share/flembot_bringup
creating /home/vboxuser/ros2_ws/install/flembot_bringup/share/flembot_bringup/launch
symbolically linking /home/vboxuser/ros2_ws/build/flembot_bringup/launch/sim.launch.py -> /home/vboxuser/ros2_ws/install/flembot_bringup/share/flembot_bringup/launch
creating /home/vboxuser/ros2_ws/install/flembot_bringup/share/flembot_bringup/worlds
symbolically linking /home/vboxuser/ros2_ws/build/flembot_bringup/worlds/empty.world -> /home/vboxuser/ros2_ws/install/flembot_bringup/share/flembot_bringup/worlds
creating /home/vboxuser/ros2_ws/install/flembot_bringup/share/flembot_bringup/config
symbolically linking /home/vboxuser/ros2_ws/build/flembot_bringup/config/ros_gz_config.yaml -> /home/vboxuser/ros2_ws/install/flembot_bringup/share/flembot_bringup/config
