running egg_info
creating ../../build/flembot_bringup/flembot_bringup.egg-info
writing ../../build/flembot_bringup/flembot_bringup.egg-info/PKG-INFO
writing dependency_links to ../../build/flembot_bringup/flembot_bringup.egg-info/dependency_links.txt
writing requirements to ../../build/flembot_bringup/flembot_bringup.egg-info/requires.txt
writing top-level names to ../../build/flembot_bringup/flembot_bringup.egg-info/top_level.txt
writing manifest file '../../build/flembot_bringup/flembot_bringup.egg-info/SOURCES.txt'
reading manifest file '../../build/flembot_bringup/flembot_bringup.egg-info/SOURCES.txt'
writing manifest file '../../build/flembot_bringup/flembot_bringup.egg-info/SOURCES.txt'
running build
running install
running install_data
creating /home/vboxuser/ros2_ws/install/flembot_bringup/share/ament_index
creating /home/vboxuser/ros2_ws/install/flembot_bringup/share/ament_index/resource_index
creating /home/vboxuser/ros2_ws/install/flembot_bringup/share/ament_index/resource_index/packages
copying resource/flembot_bringup -> /home/vboxuser/ros2_ws/install/flembot_bringup/share/ament_index/resource_index/packages
copying package.xml -> /home/vboxuser/ros2_ws/install/flembot_bringup/share/flembot_bringup
creating /home/vboxuser/ros2_ws/install/flembot_bringup/share/flembot_bringup/launch
copying launch/sim.launch.py -> /home/vboxuser/ros2_ws/install/flembot_bringup/share/flembot_bringup/launch
creating /home/vboxuser/ros2_ws/install/flembot_bringup/share/flembot_bringup/worlds
running install_egg_info
Copying ../../build/flembot_bringup/flembot_bringup.egg-info to /home/vboxuser/ros2_ws/install/flembot_bringup/lib/python3.12/site-packages/flembot_bringup-0.0.0-py3.12.egg-info
running install_scripts
writing list of installed files to '/home/vboxuser/ros2_ws/build/flembot_bringup/install.log'
