[0.389s] Invoking command in '/home/vboxuser/ros2_ws/build/flembot_description': CMAKE_PREFIX_PATH=${CMAKE_PREFIX_PATH}:/home/vboxuser/ros2_ws/install/flembot_control:/home/vboxuser/ros2_ws/install/flembot_bringup:/opt/ros/jazzy DEBUGINFOD_URLS=https://debuginfod.ubuntu.com /usr/bin/cmake /home/vboxuser/ros2_ws/src/flembot_description -DAMENT_CMAKE_SYMLINK_INSTALL=1 -DCMAKE_INSTALL_PREFIX=/home/vboxuser/ros2_ws/install/flembot_description
[0.507s] -- The C compiler identification is GNU 13.3.0
[0.660s] -- The CXX compiler identification is GNU 13.3.0
[0.695s] -- Detecting C compiler ABI info
[0.847s] -- Detecting C compiler ABI info - done
[0.860s] -- Check for working C compiler: /usr/bin/cc - skipped
[0.861s] -- Detecting C compile features
[0.862s] -- Detecting C compile features - done
[0.874s] -- Detecting CXX compiler ABI info
[1.009s] -- Detecting CXX compiler ABI info - done
[1.024s] -- Check for working CXX compiler: /usr/bin/c++ - skipped
[1.024s] -- Detecting CXX compile features
[1.026s] -- Detecting CXX compile features - done
[1.050s] -- Found ament_cmake: 2.5.4 (/opt/ros/jazzy/share/ament_cmake/cmake)
[1.269s] -- Found Python3: /usr/bin/python3 (found version "3.12.3") found components: Interpreter 
[1.379s] -- Override CMake install command with custom implementation using symlinks instead of copying resources
[1.583s] -- Configuring done (1.2s)
[1.587s] -- Generating done (0.0s)
[1.589s] -- Build files have been written to: /home/vboxuser/ros2_ws/build/flembot_description
[1.595s] Invoked command in '/home/vboxuser/ros2_ws/build/flembot_description' returned '0': CMAKE_PREFIX_PATH=${CMAKE_PREFIX_PATH}:/home/vboxuser/ros2_ws/install/flembot_control:/home/vboxuser/ros2_ws/install/flembot_bringup:/opt/ros/jazzy DEBUGINFOD_URLS=https://debuginfod.ubuntu.com /usr/bin/cmake /home/vboxuser/ros2_ws/src/flembot_description -DAMENT_CMAKE_SYMLINK_INSTALL=1 -DCMAKE_INSTALL_PREFIX=/home/vboxuser/ros2_ws/install/flembot_description
[1.597s] Invoking command in '/home/vboxuser/ros2_ws/build/flembot_description': CMAKE_PREFIX_PATH=${CMAKE_PREFIX_PATH}:/home/vboxuser/ros2_ws/install/flembot_control:/home/vboxuser/ros2_ws/install/flembot_bringup:/opt/ros/jazzy DEBUGINFOD_URLS=https://debuginfod.ubuntu.com /usr/bin/cmake --build /home/vboxuser/ros2_ws/build/flembot_description -- -j4 -l4
[1.657s] Invoked command in '/home/vboxuser/ros2_ws/build/flembot_description' returned '0': CMAKE_PREFIX_PATH=${CMAKE_PREFIX_PATH}:/home/vboxuser/ros2_ws/install/flembot_control:/home/vboxuser/ros2_ws/install/flembot_bringup:/opt/ros/jazzy DEBUGINFOD_URLS=https://debuginfod.ubuntu.com /usr/bin/cmake --build /home/vboxuser/ros2_ws/build/flembot_description -- -j4 -l4
[1.679s] Invoking command in '/home/vboxuser/ros2_ws/build/flembot_description': CMAKE_PREFIX_PATH=${CMAKE_PREFIX_PATH}:/home/vboxuser/ros2_ws/install/flembot_control:/home/vboxuser/ros2_ws/install/flembot_bringup:/opt/ros/jazzy DEBUGINFOD_URLS=https://debuginfod.ubuntu.com /usr/bin/cmake --install /home/vboxuser/ros2_ws/build/flembot_description
[1.690s] -- Install configuration: ""
[1.691s] -- Execute custom install script
[1.691s] -- Symlinking: /home/vboxuser/ros2_ws/install/flembot_description/share/flembot_description/urdf/flembot.urdf.xacro
[1.703s] -- Symlinking: /home/vboxuser/ros2_ws/install/flembot_description/share/ament_index/resource_index/package_run_dependencies/flembot_description
[1.715s] -- Symlinking: /home/vboxuser/ros2_ws/install/flembot_description/share/ament_index/resource_index/parent_prefix_path/flembot_description
[1.729s] -- Symlinking: /home/vboxuser/ros2_ws/install/flembot_description/share/flembot_description/environment/ament_prefix_path.sh
[1.743s] -- Symlinking: /home/vboxuser/ros2_ws/install/flembot_description/share/flembot_description/environment/ament_prefix_path.dsv
[1.756s] -- Symlinking: /home/vboxuser/ros2_ws/install/flembot_description/share/flembot_description/environment/path.sh
[1.769s] -- Symlinking: /home/vboxuser/ros2_ws/install/flembot_description/share/flembot_description/environment/path.dsv
[1.780s] -- Symlinking: /home/vboxuser/ros2_ws/install/flembot_description/share/flembot_description/local_setup.bash
[1.790s] -- Symlinking: /home/vboxuser/ros2_ws/install/flembot_description/share/flembot_description/local_setup.sh
[1.800s] -- Symlinking: /home/vboxuser/ros2_ws/install/flembot_description/share/flembot_description/local_setup.zsh
[1.811s] -- Symlinking: /home/vboxuser/ros2_ws/install/flembot_description/share/flembot_description/local_setup.dsv
[1.823s] -- Symlinking: /home/vboxuser/ros2_ws/install/flembot_description/share/flembot_description/package.dsv
[1.837s] -- Symlinking: /home/vboxuser/ros2_ws/install/flembot_description/share/ament_index/resource_index/packages/flembot_description
[1.849s] -- Symlinking: /home/vboxuser/ros2_ws/install/flembot_description/share/flembot_description/cmake/flembot_descriptionConfig.cmake
[1.861s] -- Symlinking: /home/vboxuser/ros2_ws/install/flembot_description/share/flembot_description/cmake/flembot_descriptionConfig-version.cmake
[1.874s] -- Symlinking: /home/vboxuser/ros2_ws/install/flembot_description/share/flembot_description/package.xml
[1.887s] Invoked command in '/home/vboxuser/ros2_ws/build/flembot_description' returned '0': CMAKE_PREFIX_PATH=${CMAKE_PREFIX_PATH}:/home/vboxuser/ros2_ws/install/flembot_control:/home/vboxuser/ros2_ws/install/flembot_bringup:/opt/ros/jazzy DEBUGINFOD_URLS=https://debuginfod.ubuntu.com /usr/bin/cmake --install /home/vboxuser/ros2_ws/build/flembot_description
