[1.037s] Invoking command in '/home/vboxuser/ros2_ws/src/flembot_control': DEBUGINFOD_URLS=https://debuginfod.ubuntu.com PYTHONPATH=/home/vboxuser/ros2_ws/build/flembot_control/prefix_override:/usr/lib/python3/dist-packages/colcon_core/task/python/colcon_distutils_commands:/home/vboxuser/ros2_ws/install/flembot_control/lib/python3.12/site-packages:${PYTHONPATH} /usr/bin/python3 -W ignore:setup.py install is deprecated -W ignore:easy_install command is deprecated setup.py egg_info --egg-base ../../build/flembot_control build --build-base /home/vboxuser/ros2_ws/build/flembot_control/build install --record /home/vboxuser/ros2_ws/build/flembot_control/install.log --single-version-externally-managed install_data
[1.285s] running egg_info
[1.301s] writing ../../build/flembot_control/flembot_control.egg-info/PKG-INFO
[1.301s] writing dependency_links to ../../build/flembot_control/flembot_control.egg-info/dependency_links.txt
[1.301s] writing entry points to ../../build/flembot_control/flembot_control.egg-info/entry_points.txt
[1.301s] writing requirements to ../../build/flembot_control/flembot_control.egg-info/requires.txt
[1.301s] writing top-level names to ../../build/flembot_control/flembot_control.egg-info/top_level.txt
[1.337s] reading manifest file '../../build/flembot_control/flembot_control.egg-info/SOURCES.txt'
[1.338s] writing manifest file '../../build/flembot_control/flembot_control.egg-info/SOURCES.txt'
[1.338s] running build
[1.338s] running build_py
[1.338s] running install
[1.345s] running install_lib
[1.364s] running install_data
[1.365s] running install_egg_info
[1.386s] removing '/home/vboxuser/ros2_ws/install/flembot_control/lib/python3.12/site-packages/flembot_control-0.0.0-py3.12.egg-info' (and everything under it)
[1.386s] Copying ../../build/flembot_control/flembot_control.egg-info to /home/vboxuser/ros2_ws/install/flembot_control/lib/python3.12/site-packages/flembot_control-0.0.0-py3.12.egg-info
[1.387s] running install_scripts
[1.534s] Installing teleop script to /home/vboxuser/ros2_ws/install/flembot_control/lib/flembot_control
[1.535s] writing list of installed files to '/home/vboxuser/ros2_ws/build/flembot_control/install.log'
[1.582s] Invoked command in '/home/vboxuser/ros2_ws/src/flembot_control' returned '0': DEBUGINFOD_URLS=https://debuginfod.ubuntu.com PYTHONPATH=/home/vboxuser/ros2_ws/build/flembot_control/prefix_override:/usr/lib/python3/dist-packages/colcon_core/task/python/colcon_distutils_commands:/home/vboxuser/ros2_ws/install/flembot_control/lib/python3.12/site-packages:${PYTHONPATH} /usr/bin/python3 -W ignore:setup.py install is deprecated -W ignore:easy_install command is deprecated setup.py egg_info --egg-base ../../build/flembot_control build --build-base /home/vboxuser/ros2_ws/build/flembot_control/build install --record /home/vboxuser/ros2_ws/build/flembot_control/install.log --single-version-externally-managed install_data
