[0.525s] Invoking command in '/home/vboxuser/ros2_ws/build/flembot_control': DEBUGINFOD_URLS=https://debuginfod.ubuntu.com PYTHONPATH=/home/vboxuser/ros2_ws/build/flembot_control/prefix_override:/usr/lib/python3/dist-packages/colcon_core/task/python/colcon_distutils_commands:/home/vboxuser/ros2_ws/install/flembot_control/lib/python3.12/site-packages:${PYTHONPATH} /usr/bin/python3 -W ignore:setup.py install is deprecated -W ignore:easy_install command is deprecated setup.py develop --editable --build-directory /home/vboxuser/ros2_ws/build/flembot_control/build --no-deps symlink_data
[0.745s] running develop
[0.816s] running egg_info
[0.816s] creating flembot_control.egg-info
[0.822s] writing flembot_control.egg-info/PKG-INFO
[0.822s] writing dependency_links to flembot_control.egg-info/dependency_links.txt
[0.822s] writing entry points to flembot_control.egg-info/entry_points.txt
[0.823s] writing requirements to flembot_control.egg-info/requires.txt
[0.823s] writing top-level names to flembot_control.egg-info/top_level.txt
[0.823s] writing manifest file 'flembot_control.egg-info/SOURCES.txt'
[0.837s] reading manifest file 'flembot_control.egg-info/SOURCES.txt'
[0.837s] writing manifest file 'flembot_control.egg-info/SOURCES.txt'
[0.848s] running build_ext
[0.848s] Creating /home/vboxuser/ros2_ws/install/flembot_control/lib/python3.12/site-packages/flembot-control.egg-link (link to .)
[0.849s] Installing teleop script to /home/vboxuser/ros2_ws/install/flembot_control/lib/flembot_control
[0.849s] 
[0.849s] Installed /home/vboxuser/ros2_ws/build/flembot_control
[0.849s] running symlink_data
[0.849s] creating /home/vboxuser/ros2_ws/install/flembot_control/share/ament_index
[0.849s] creating /home/vboxuser/ros2_ws/install/flembot_control/share/ament_index/resource_index
[0.849s] creating /home/vboxuser/ros2_ws/install/flembot_control/share/ament_index/resource_index/packages
[0.849s] symbolically linking /home/vboxuser/ros2_ws/build/flembot_control/resource/flembot_control -> /home/vboxuser/ros2_ws/install/flembot_control/share/ament_index/resource_index/packages
[0.849s] symbolically linking /home/vboxuser/ros2_ws/build/flembot_control/package.xml -> /home/vboxuser/ros2_ws/install/flembot_control/share/flembot_control
[0.863s] Invoked command in '/home/vboxuser/ros2_ws/build/flembot_control' returned '0': DEBUGINFOD_URLS=https://debuginfod.ubuntu.com PYTHONPATH=/home/vboxuser/ros2_ws/build/flembot_control/prefix_override:/usr/lib/python3/dist-packages/colcon_core/task/python/colcon_distutils_commands:/home/vboxuser/ros2_ws/install/flembot_control/lib/python3.12/site-packages:${PYTHONPATH} /usr/bin/python3 -W ignore:setup.py install is deprecated -W ignore:easy_install command is deprecated setup.py develop --editable --build-directory /home/vboxuser/ros2_ws/build/flembot_control/build --no-deps symlink_data
