[0.880s] Invoking command in '/home/vboxuser/ros2_ws/build/flembot_bringup': DEBUGINFOD_URLS=https://debuginfod.ubuntu.com PYTHONPATH=/home/vboxuser/ros2_ws/build/flembot_bringup/prefix_override:/usr/lib/python3/dist-packages/colcon_core/task/python/colcon_distutils_commands:/home/vboxuser/ros2_ws/install/flembot_bringup/lib/python3.12/site-packages:${PYTHONPATH} /usr/bin/python3 -W ignore:setup.py install is deprecated -W ignore:easy_install command is deprecated setup.py develop --uninstall --editable --build-directory /home/vboxuser/ros2_ws/build/flembot_bringup/build
[1.291s] running develop
[1.493s] Removing /home/vboxuser/ros2_ws/install/flembot_bringup/lib/python3.12/site-packages/flembot-bringup.egg-link (link to .)
[1.539s] Invoked command in '/home/vboxuser/ros2_ws/build/flembot_bringup' returned '0': DEBUGINFOD_URLS=https://debuginfod.ubuntu.com PYTHONPATH=/home/vboxuser/ros2_ws/build/flembot_bringup/prefix_override:/usr/lib/python3/dist-packages/colcon_core/task/python/colcon_distutils_commands:/home/vboxuser/ros2_ws/install/flembot_bringup/lib/python3.12/site-packages:${PYTHONPATH} /usr/bin/python3 -W ignore:setup.py install is deprecated -W ignore:easy_install command is deprecated setup.py develop --uninstall --editable --build-directory /home/vboxuser/ros2_ws/build/flembot_bringup/build
[1.540s] Invoking command in '/home/vboxuser/ros2_ws/src/flembot_bringup': DEBUGINFOD_URLS=https://debuginfod.ubuntu.com PYTHONPATH=/home/vboxuser/ros2_ws/build/flembot_bringup/prefix_override:/usr/lib/python3/dist-packages/colcon_core/task/python/colcon_distutils_commands:/home/vboxuser/ros2_ws/install/flembot_bringup/lib/python3.12/site-packages:${PYTHONPATH} /usr/bin/python3 -W ignore:setup.py install is deprecated -W ignore:easy_install command is deprecated setup.py egg_info --egg-base ../../build/flembot_bringup build --build-base /home/vboxuser/ros2_ws/build/flembot_bringup/build install --record /home/vboxuser/ros2_ws/build/flembot_bringup/install.log --single-version-externally-managed install_data --force
[1.873s] running egg_info
[1.891s] writing ../../build/flembot_bringup/flembot_bringup.egg-info/PKG-INFO
[1.892s] writing dependency_links to ../../build/flembot_bringup/flembot_bringup.egg-info/dependency_links.txt
[1.892s] writing requirements to ../../build/flembot_bringup/flembot_bringup.egg-info/requires.txt
[1.892s] writing top-level names to ../../build/flembot_bringup/flembot_bringup.egg-info/top_level.txt
[1.908s] reading manifest file '../../build/flembot_bringup/flembot_bringup.egg-info/SOURCES.txt'
[1.908s] writing manifest file '../../build/flembot_bringup/flembot_bringup.egg-info/SOURCES.txt'
[1.909s] running build
[1.909s] running install
[1.915s] running install_data
[1.915s] copying resource/flembot_bringup -> /home/vboxuser/ros2_ws/install/flembot_bringup/share/ament_index/resource_index/packages
[1.916s] copying package.xml -> /home/vboxuser/ros2_ws/install/flembot_bringup/share/flembot_bringup
[1.916s] copying launch/sim.launch.py -> /home/vboxuser/ros2_ws/install/flembot_bringup/share/flembot_bringup/launch
[1.916s] running install_egg_info
[1.952s] Copying ../../build/flembot_bringup/flembot_bringup.egg-info to /home/vboxuser/ros2_ws/install/flembot_bringup/lib/python3.12/site-packages/flembot_bringup-0.0.0-py3.12.egg-info
[1.952s] running install_scripts
[2.081s] writing list of installed files to '/home/vboxuser/ros2_ws/build/flembot_bringup/install.log'
[2.115s] Invoked command in '/home/vboxuser/ros2_ws/src/flembot_bringup' returned '0': DEBUGINFOD_URLS=https://debuginfod.ubuntu.com PYTHONPATH=/home/vboxuser/ros2_ws/build/flembot_bringup/prefix_override:/usr/lib/python3/dist-packages/colcon_core/task/python/colcon_distutils_commands:/home/vboxuser/ros2_ws/install/flembot_bringup/lib/python3.12/site-packages:${PYTHONPATH} /usr/bin/python3 -W ignore:setup.py install is deprecated -W ignore:easy_install command is deprecated setup.py egg_info --egg-base ../../build/flembot_bringup build --build-base /home/vboxuser/ros2_ws/build/flembot_bringup/build install --record /home/vboxuser/ros2_ws/build/flembot_bringup/install.log --single-version-externally-managed install_data --force
