[1.193s] Invoking command in '/home/vboxuser/ros2_ws/build/flembot_control': DEBUGINFOD_URLS=https://debuginfod.ubuntu.com PYTHONPATH=/home/vboxuser/ros2_ws/build/flembot_control/prefix_override:/usr/lib/python3/dist-packages/colcon_core/task/python/colcon_distutils_commands:/home/vboxuser/ros2_ws/install/flembot_control/lib/python3.12/site-packages:${PYTHONPATH} /usr/bin/python3 -W ignore:setup.py install is deprecated -W ignore:easy_install command is deprecated setup.py develop --editable --build-directory /home/vboxuser/ros2_ws/build/flembot_control/build --no-deps symlink_data
[1.653s] running develop
[1.883s] running egg_info
[1.883s] creating flembot_control.egg-info
[1.907s] writing flembot_control.egg-info/PKG-INFO
[1.907s] writing dependency_links to flembot_control.egg-info/dependency_links.txt
[1.908s] writing entry points to flembot_control.egg-info/entry_points.txt
[1.908s] writing requirements to flembot_control.egg-info/requires.txt
[1.908s] writing top-level names to flembot_control.egg-info/top_level.txt
[1.909s] writing manifest file 'flembot_control.egg-info/SOURCES.txt'
[1.951s] reading manifest file 'flembot_control.egg-info/SOURCES.txt'
[1.951s] writing manifest file 'flembot_control.egg-info/SOURCES.txt'
[1.987s] running build_ext
[1.987s] Creating /home/vboxuser/ros2_ws/install/flembot_control/lib/python3.12/site-packages/flembot-control.egg-link (link to .)
[1.988s] Installing teleop script to /home/vboxuser/ros2_ws/install/flembot_control/lib/flembot_control
[1.988s] 
[1.988s] Installed /home/vboxuser/ros2_ws/build/flembot_control
[1.988s] running symlink_data
[1.989s] creating /home/vboxuser/ros2_ws/install/flembot_control/share/ament_index
[1.989s] creating /home/vboxuser/ros2_ws/install/flembot_control/share/ament_index/resource_index
[1.989s] creating /home/vboxuser/ros2_ws/install/flembot_control/share/ament_index/resource_index/packages
[1.989s] symbolically linking /home/vboxuser/ros2_ws/build/flembot_control/resource/flembot_control -> /home/vboxuser/ros2_ws/install/flembot_control/share/ament_index/resource_index/packages
[1.989s] symbolically linking /home/vboxuser/ros2_ws/build/flembot_control/package.xml -> /home/vboxuser/ros2_ws/install/flembot_control/share/flembot_control
[2.052s] Invoked command in '/home/vboxuser/ros2_ws/build/flembot_control' returned '0': DEBUGINFOD_URLS=https://debuginfod.ubuntu.com PYTHONPATH=/home/vboxuser/ros2_ws/build/flembot_control/prefix_override:/usr/lib/python3/dist-packages/colcon_core/task/python/colcon_distutils_commands:/home/vboxuser/ros2_ws/install/flembot_control/lib/python3.12/site-packages:${PYTHONPATH} /usr/bin/python3 -W ignore:setup.py install is deprecated -W ignore:easy_install command is deprecated setup.py develop --editable --build-directory /home/vboxuser/ros2_ws/build/flembot_control/build --no-deps symlink_data
