[1.044s] Invoking command in '/home/vboxuser/ros2_ws/src/flembot_bringup': DEBUGINFOD_URLS=https://debuginfod.ubuntu.com PYTHONPATH=/home/vboxuser/ros2_ws/build/flembot_bringup/prefix_override:/usr/lib/python3/dist-packages/colcon_core/task/python/colcon_distutils_commands:/home/vboxuser/ros2_ws/install/flembot_bringup/lib/python3.12/site-packages:${PYTHONPATH} /usr/bin/python3 -W ignore:setup.py install is deprecated -W ignore:easy_install command is deprecated setup.py egg_info --egg-base ../../build/flembot_bringup build --build-base /home/vboxuser/ros2_ws/build/flembot_bringup/build install --record /home/vboxuser/ros2_ws/build/flembot_bringup/install.log --single-version-externally-managed install_data
[1.293s] running egg_info
[1.308s] writing ../../build/flembot_bringup/flembot_bringup.egg-info/PKG-INFO
[1.309s] writing dependency_links to ../../build/flembot_bringup/flembot_bringup.egg-info/dependency_links.txt
[1.309s] writing requirements to ../../build/flembot_bringup/flembot_bringup.egg-info/requires.txt
[1.309s] writing top-level names to ../../build/flembot_bringup/flembot_bringup.egg-info/top_level.txt
[1.346s] reading manifest file '../../build/flembot_bringup/flembot_bringup.egg-info/SOURCES.txt'
[1.347s] writing manifest file '../../build/flembot_bringup/flembot_bringup.egg-info/SOURCES.txt'
[1.347s] running build
[1.347s] running build_py
[1.347s] running install
[1.353s] running install_lib
[1.372s] running install_data
[1.373s] copying launch/sim.launch.py -> /home/vboxuser/ros2_ws/install/flembot_bringup/share/flembot_bringup/launch
[1.373s] copying config/ros_gz_config.yaml -> /home/vboxuser/ros2_ws/install/flembot_bringup/share/flembot_bringup/config
[1.373s] running install_egg_info
[1.393s] removing '/home/vboxuser/ros2_ws/install/flembot_bringup/lib/python3.12/site-packages/flembot_bringup-0.0.0-py3.12.egg-info' (and everything under it)
[1.394s] Copying ../../build/flembot_bringup/flembot_bringup.egg-info to /home/vboxuser/ros2_ws/install/flembot_bringup/lib/python3.12/site-packages/flembot_bringup-0.0.0-py3.12.egg-info
[1.395s] running install_scripts
[1.542s] writing list of installed files to '/home/vboxuser/ros2_ws/build/flembot_bringup/install.log'
[1.585s] Invoked command in '/home/vboxuser/ros2_ws/src/flembot_bringup' returned '0': DEBUGINFOD_URLS=https://debuginfod.ubuntu.com PYTHONPATH=/home/vboxuser/ros2_ws/build/flembot_bringup/prefix_override:/usr/lib/python3/dist-packages/colcon_core/task/python/colcon_distutils_commands:/home/vboxuser/ros2_ws/install/flembot_bringup/lib/python3.12/site-packages:${PYTHONPATH} /usr/bin/python3 -W ignore:setup.py install is deprecated -W ignore:easy_install command is deprecated setup.py egg_info --egg-base ../../build/flembot_bringup build --build-base /home/vboxuser/ros2_ws/build/flembot_bringup/build install --record /home/vboxuser/ros2_ws/build/flembot_bringup/install.log --single-version-externally-managed install_data
