[0.717s] Invoking command in '/home/vboxuser/ros2_ws/src/flembot_bringup': DEBUGINFOD_URLS=https://debuginfod.ubuntu.com PYTHONPATH=/home/vboxuser/ros2_ws/build/flembot_bringup/prefix_override:/usr/lib/python3/dist-packages/colcon_core/task/python/colcon_distutils_commands:/home/vboxuser/ros2_ws/install/flembot_bringup/lib/python3.12/site-packages:${PYTHONPATH} /usr/bin/python3 -W ignore:setup.py install is deprecated -W ignore:easy_install command is deprecated setup.py egg_info --egg-base ../../build/flembot_bringup build --build-base /home/vboxuser/ros2_ws/build/flembot_bringup/build install --record /home/vboxuser/ros2_ws/build/flembot_bringup/install.log --single-version-externally-managed install_data
[0.938s] running egg_info
[0.950s] writing ../../build/flembot_bringup/flembot_bringup.egg-info/PKG-INFO
[0.950s] writing dependency_links to ../../build/flembot_bringup/flembot_bringup.egg-info/dependency_links.txt
[0.950s] writing requirements to ../../build/flembot_bringup/flembot_bringup.egg-info/requires.txt
[0.951s] writing top-level names to ../../build/flembot_bringup/flembot_bringup.egg-info/top_level.txt
[0.987s] reading manifest file '../../build/flembot_bringup/flembot_bringup.egg-info/SOURCES.txt'
[0.988s] writing manifest file '../../build/flembot_bringup/flembot_bringup.egg-info/SOURCES.txt'
[0.988s] running build
[0.988s] running build_py
[0.988s] creating /home/vboxuser/ros2_ws/build/flembot_bringup/build
[0.988s] creating /home/vboxuser/ros2_ws/build/flembot_bringup/build/lib
[0.988s] creating /home/vboxuser/ros2_ws/build/flembot_bringup/build/lib/flembot_bringup
[0.988s] copying flembot_bringup/__init__.py -> /home/vboxuser/ros2_ws/build/flembot_bringup/build/lib/flembot_bringup
[0.991s] running install
[0.995s] running install_lib
[1.011s] creating /home/vboxuser/ros2_ws/install/flembot_bringup/lib/python3.12/site-packages/flembot_bringup
[1.011s] copying /home/vboxuser/ros2_ws/build/flembot_bringup/build/lib/flembot_bringup/__init__.py -> /home/vboxuser/ros2_ws/install/flembot_bringup/lib/python3.12/site-packages/flembot_bringup
[1.012s] byte-compiling /home/vboxuser/ros2_ws/install/flembot_bringup/lib/python3.12/site-packages/flembot_bringup/__init__.py to __init__.cpython-312.pyc
[1.012s] running install_data
[1.012s] copying worlds/empty.world -> /home/vboxuser/ros2_ws/install/flembot_bringup/share/flembot_bringup/worlds
[1.014s] creating /home/vboxuser/ros2_ws/install/flembot_bringup/share/flembot_bringup/config
[1.014s] copying config/ros_gz_config.yaml -> /home/vboxuser/ros2_ws/install/flembot_bringup/share/flembot_bringup/config
[1.014s] running install_egg_info
[1.030s] removing '/home/vboxuser/ros2_ws/install/flembot_bringup/lib/python3.12/site-packages/flembot_bringup-0.0.0-py3.12.egg-info' (and everything under it)
[1.031s] Copying ../../build/flembot_bringup/flembot_bringup.egg-info to /home/vboxuser/ros2_ws/install/flembot_bringup/lib/python3.12/site-packages/flembot_bringup-0.0.0-py3.12.egg-info
[1.031s] running install_scripts
[1.154s] writing list of installed files to '/home/vboxuser/ros2_ws/build/flembot_bringup/install.log'
[1.184s] Invoked command in '/home/vboxuser/ros2_ws/src/flembot_bringup' returned '0': DEBUGINFOD_URLS=https://debuginfod.ubuntu.com PYTHONPATH=/home/vboxuser/ros2_ws/build/flembot_bringup/prefix_override:/usr/lib/python3/dist-packages/colcon_core/task/python/colcon_distutils_commands:/home/vboxuser/ros2_ws/install/flembot_bringup/lib/python3.12/site-packages:${PYTHONPATH} /usr/bin/python3 -W ignore:setup.py install is deprecated -W ignore:easy_install command is deprecated setup.py egg_info --egg-base ../../build/flembot_bringup build --build-base /home/vboxuser/ros2_ws/build/flembot_bringup/build install --record /home/vboxuser/ros2_ws/build/flembot_bringup/install.log --single-version-externally-managed install_data
