running develop
running egg_info
creating flembot_control.egg-info
writing flembot_control.egg-info/PKG-INFO
writing dependency_links to flembot_control.egg-info/dependency_links.txt
writing entry points to flembot_control.egg-info/entry_points.txt
writing requirements to flembot_control.egg-info/requires.txt
writing top-level names to flembot_control.egg-info/top_level.txt
writing manifest file 'flembot_control.egg-info/SOURCES.txt'
reading manifest file 'flembot_control.egg-info/SOURCES.txt'
writing manifest file 'flembot_control.egg-info/SOURCES.txt'
running build_ext
Creating /home/vboxuser/ros2_ws/install/flembot_control/lib/python3.12/site-packages/flembot-control.egg-link (link to .)
Installing teleop script to /home/vboxuser/ros2_ws/install/flembot_control/lib/flembot_control

Installed /home/vboxuser/ros2_ws/build/flembot_control
running symlink_data
creating /home/vboxuser/ros2_ws/install/flembot_control/share/ament_index
creating /home/vboxuser/ros2_ws/install/flembot_control/share/ament_index/resource_index
creating /home/vboxuser/ros2_ws/install/flembot_control/share/ament_index/resource_index/packages
symbolically linking /home/vboxuser/ros2_ws/build/flembot_control/resource/flembot_control -> /home/vboxuser/ros2_ws/install/flembot_control/share/ament_index/resource_index/packages
symbolically linking /home/vboxuser/ros2_ws/build/flembot_control/package.xml -> /home/vboxuser/ros2_ws/install/flembot_control/share/flembot_control
