[1.208s] Invoking command in '/home/vboxuser/ros2_ws/build/flembot_control': DEBUGINFOD_URLS=https://debuginfod.ubuntu.com PYTHONPATH=/home/vboxuser/ros2_ws/build/flembot_control/prefix_override:/usr/lib/python3/dist-packages/colcon_core/task/python/colcon_distutils_commands:/home/vboxuser/ros2_ws/install/flembot_control/lib/python3.12/site-packages:${PYTHONPATH} /usr/bin/python3 -W ignore:setup.py install is deprecated -W ignore:easy_install command is deprecated setup.py develop --editable --build-directory /home/vboxuser/ros2_ws/build/flembot_control/build --no-deps symlink_data
[1.646s] running develop
[1.879s] running egg_info
[1.879s] creating flembot_control.egg-info
[1.904s] writing flembot_control.egg-info/PKG-INFO
[1.904s] writing dependency_links to flembot_control.egg-info/dependency_links.txt
[1.904s] writing entry points to flembot_control.egg-info/entry_points.txt
[1.904s] writing requirements to flembot_control.egg-info/requires.txt
[1.904s] writing top-level names to flembot_control.egg-info/top_level.txt
[1.904s] writing manifest file 'flembot_control.egg-info/SOURCES.txt'
[1.964s] reading manifest file 'flembot_control.egg-info/SOURCES.txt'
[1.965s] writing manifest file 'flembot_control.egg-info/SOURCES.txt'
[2.004s] running build_ext
[2.004s] Creating /home/vboxuser/ros2_ws/install/flembot_control/lib/python3.12/site-packages/flembot-control.egg-link (link to .)
[2.005s] Installing teleop script to /home/vboxuser/ros2_ws/install/flembot_control/lib/flembot_control
[2.005s] 
[2.005s] Installed /home/vboxuser/ros2_ws/build/flembot_control
[2.006s] running symlink_data
[2.006s] creating /home/vboxuser/ros2_ws/install/flembot_control/share/ament_index
[2.006s] creating /home/vboxuser/ros2_ws/install/flembot_control/share/ament_index/resource_index
[2.006s] creating /home/vboxuser/ros2_ws/install/flembot_control/share/ament_index/resource_index/packages
[2.006s] symbolically linking /home/vboxuser/ros2_ws/build/flembot_control/resource/flembot_control -> /home/vboxuser/ros2_ws/install/flembot_control/share/ament_index/resource_index/packages
[2.006s] symbolically linking /home/vboxuser/ros2_ws/build/flembot_control/package.xml -> /home/vboxuser/ros2_ws/install/flembot_control/share/flembot_control
[2.054s] Invoked command in '/home/vboxuser/ros2_ws/build/flembot_control' returned '0': DEBUGINFOD_URLS=https://debuginfod.ubuntu.com PYTHONPATH=/home/vboxuser/ros2_ws/build/flembot_control/prefix_override:/usr/lib/python3/dist-packages/colcon_core/task/python/colcon_distutils_commands:/home/vboxuser/ros2_ws/install/flembot_control/lib/python3.12/site-packages:${PYTHONPATH} /usr/bin/python3 -W ignore:setup.py install is deprecated -W ignore:easy_install command is deprecated setup.py develop --editable --build-directory /home/vboxuser/ros2_ws/build/flembot_control/build --no-deps symlink_data
