[1.187s] Invoking command in '/home/vboxuser/ros2_ws/build/flembot_bringup': DEBUGINFOD_URLS=https://debuginfod.ubuntu.com PYTHONPATH=/home/vboxuser/ros2_ws/build/flembot_bringup/prefix_override:/usr/lib/python3/dist-packages/colcon_core/task/python/colcon_distutils_commands:/home/vboxuser/ros2_ws/install/flembot_bringup/lib/python3.12/site-packages:${PYTHONPATH} /usr/bin/python3 -W ignore:setup.py install is deprecated -W ignore:easy_install command is deprecated setup.py develop --editable --build-directory /home/vboxuser/ros2_ws/build/flembot_bringup/build --no-deps symlink_data
[1.655s] running develop
[1.885s] running egg_info
[1.885s] creating flembot_bringup.egg-info
[1.904s] writing flembot_bringup.egg-info/PKG-INFO
[1.905s] writing dependency_links to flembot_bringup.egg-info/dependency_links.txt
[1.905s] writing requirements to flembot_bringup.egg-info/requires.txt
[1.909s] writing top-level names to flembot_bringup.egg-info/top_level.txt
[1.909s] writing manifest file 'flembot_bringup.egg-info/SOURCES.txt'
[1.950s] reading manifest file 'flembot_bringup.egg-info/SOURCES.txt'
[1.950s] writing manifest file 'flembot_bringup.egg-info/SOURCES.txt'
[1.990s] running build_ext
[1.990s] Creating /home/vboxuser/ros2_ws/install/flembot_bringup/lib/python3.12/site-packages/flembot-bringup.egg-link (link to .)
[1.991s] 
[1.991s] Installed /home/vboxuser/ros2_ws/build/flembot_bringup
[1.992s] running symlink_data
[1.992s] creating /home/vboxuser/ros2_ws/install/flembot_bringup/share/ament_index
[1.992s] creating /home/vboxuser/ros2_ws/install/flembot_bringup/share/ament_index/resource_index
[1.992s] creating /home/vboxuser/ros2_ws/install/flembot_bringup/share/ament_index/resource_index/packages
[1.992s] symbolically linking /home/vboxuser/ros2_ws/build/flembot_bringup/resource/flembot_bringup -> /home/vboxuser/ros2_ws/install/flembot_bringup/share/ament_index/resource_index/packages
[1.992s] symbolically linking /home/vboxuser/ros2_ws/build/flembot_bringup/package.xml -> /home/vboxuser/ros2_ws/install/flembot_bringup/share/flembot_bringup
[1.992s] creating /home/vboxuser/ros2_ws/install/flembot_bringup/share/flembot_bringup/launch
[1.992s] symbolically linking /home/vboxuser/ros2_ws/build/flembot_bringup/launch/sim.launch.py -> /home/vboxuser/ros2_ws/install/flembot_bringup/share/flembot_bringup/launch
[1.992s] creating /home/vboxuser/ros2_ws/install/flembot_bringup/share/flembot_bringup/worlds
[1.993s] symbolically linking /home/vboxuser/ros2_ws/build/flembot_bringup/worlds/empty.world -> /home/vboxuser/ros2_ws/install/flembot_bringup/share/flembot_bringup/worlds
[1.993s] creating /home/vboxuser/ros2_ws/install/flembot_bringup/share/flembot_bringup/config
[1.993s] symbolically linking /home/vboxuser/ros2_ws/build/flembot_bringup/config/ros_gz_config.yaml -> /home/vboxuser/ros2_ws/install/flembot_bringup/share/flembot_bringup/config
[2.067s] Invoked command in '/home/vboxuser/ros2_ws/build/flembot_bringup' returned '0': DEBUGINFOD_URLS=https://debuginfod.ubuntu.com PYTHONPATH=/home/vboxuser/ros2_ws/build/flembot_bringup/prefix_override:/usr/lib/python3/dist-packages/colcon_core/task/python/colcon_distutils_commands:/home/vboxuser/ros2_ws/install/flembot_bringup/lib/python3.12/site-packages:${PYTHONPATH} /usr/bin/python3 -W ignore:setup.py install is deprecated -W ignore:easy_install command is deprecated setup.py develop --editable --build-directory /home/vboxuser/ros2_ws/build/flembot_bringup/build --no-deps symlink_data
