[0.006s] Invoking command in '/home/vboxuser/ros2_ws/build/flembot_description': CMAKE_PREFIX_PATH=${CMAKE_PREFIX_PATH}:/home/vboxuser/ros2_ws/install/flembot_control:/home/vboxuser/ros2_ws/install/flembot_bringup:/opt/ros/jazzy DEBUGINFOD_URLS=https://debuginfod.ubuntu.com /usr/bin/cmake /home/vboxuser/ros2_ws/src/flembot_description -DAMENT_CMAKE_SYMLINK_INSTALL=1 -DCMAKE_INSTALL_PREFIX=/home/vboxuser/ros2_ws/install/flembot_description
[0.211s] -- The C compiler identification is GNU 13.3.0
[0.291s] -- The CXX compiler identification is GNU 13.3.0
[0.302s] -- Detecting C compiler ABI info
[0.358s] -- Detecting C compiler ABI info - done
[0.361s] -- Check for working C compiler: /usr/bin/cc - skipped
[0.362s] -- Detecting C compile features
[0.363s] -- Detecting C compile features - done
[0.368s] -- Detecting CXX compiler ABI info
[0.405s] -- Detecting CXX compiler ABI info - done
[0.411s] -- Check for working CXX compiler: /usr/bin/c++ - skipped
[0.411s] -- Detecting CXX compile features
[0.412s] -- Detecting CXX compile features - done
[0.431s] -- Found ament_cmake: 2.5.4 (/opt/ros/jazzy/share/ament_cmake/cmake)
[0.515s] -- Found Python3: /usr/bin/python3 (found version "3.12.3") found components: Interpreter 
[0.572s] -- Override CMake install command with custom implementation using symlinks instead of copying resources
[0.656s] -- Configuring done (0.6s)
[0.657s] -- Generating done (0.0s)
[0.658s] -- Build files have been written to: /home/vboxuser/ros2_ws/build/flembot_description
[0.661s] Invoked command in '/home/vboxuser/ros2_ws/build/flembot_description' returned '0': CMAKE_PREFIX_PATH=${CMAKE_PREFIX_PATH}:/home/vboxuser/ros2_ws/install/flembot_control:/home/vboxuser/ros2_ws/install/flembot_bringup:/opt/ros/jazzy DEBUGINFOD_URLS=https://debuginfod.ubuntu.com /usr/bin/cmake /home/vboxuser/ros2_ws/src/flembot_description -DAMENT_CMAKE_SYMLINK_INSTALL=1 -DCMAKE_INSTALL_PREFIX=/home/vboxuser/ros2_ws/install/flembot_description
[0.662s] Invoking command in '/home/vboxuser/ros2_ws/build/flembot_description': CMAKE_PREFIX_PATH=${CMAKE_PREFIX_PATH}:/home/vboxuser/ros2_ws/install/flembot_control:/home/vboxuser/ros2_ws/install/flembot_bringup:/opt/ros/jazzy DEBUGINFOD_URLS=https://debuginfod.ubuntu.com /usr/bin/cmake --build /home/vboxuser/ros2_ws/build/flembot_description -- -j1 -l1
[0.679s] Invoked command in '/home/vboxuser/ros2_ws/build/flembot_description' returned '0': CMAKE_PREFIX_PATH=${CMAKE_PREFIX_PATH}:/home/vboxuser/ros2_ws/install/flembot_control:/home/vboxuser/ros2_ws/install/flembot_bringup:/opt/ros/jazzy DEBUGINFOD_URLS=https://debuginfod.ubuntu.com /usr/bin/cmake --build /home/vboxuser/ros2_ws/build/flembot_description -- -j1 -l1
[0.683s] Invoking command in '/home/vboxuser/ros2_ws/build/flembot_description': CMAKE_PREFIX_PATH=${CMAKE_PREFIX_PATH}:/home/vboxuser/ros2_ws/install/flembot_control:/home/vboxuser/ros2_ws/install/flembot_bringup:/opt/ros/jazzy DEBUGINFOD_URLS=https://debuginfod.ubuntu.com /usr/bin/cmake --install /home/vboxuser/ros2_ws/build/flembot_description
[0.687s] -- Install configuration: ""
[0.687s] -- Execute custom install script
[0.688s] -- Symlinking: /home/vboxuser/ros2_ws/install/flembot_description/share/flembot_description/urdf/flembot.urdf.xarco
[0.691s] -- Symlinking: /home/vboxuser/ros2_ws/install/flembot_description/share/ament_index/resource_index/package_run_dependencies/flembot_description
[0.694s] -- Symlinking: /home/vboxuser/ros2_ws/install/flembot_description/share/ament_index/resource_index/parent_prefix_path/flembot_description
[0.697s] -- Symlinking: /home/vboxuser/ros2_ws/install/flembot_description/share/flembot_description/environment/ament_prefix_path.sh
[0.701s] -- Symlinking: /home/vboxuser/ros2_ws/install/flembot_description/share/flembot_description/environment/ament_prefix_path.dsv
[0.704s] -- Symlinking: /home/vboxuser/ros2_ws/install/flembot_description/share/flembot_description/environment/path.sh
[0.707s] -- Symlinking: /home/vboxuser/ros2_ws/install/flembot_description/share/flembot_description/environment/path.dsv
[0.714s] -- Symlinking: /home/vboxuser/ros2_ws/install/flembot_description/share/flembot_description/local_setup.bash
[0.719s] -- Symlinking: /home/vboxuser/ros2_ws/install/flembot_description/share/flembot_description/local_setup.sh
[0.721s] -- Symlinking: /home/vboxuser/ros2_ws/install/flembot_description/share/flembot_description/local_setup.zsh
[0.726s] -- Symlinking: /home/vboxuser/ros2_ws/install/flembot_description/share/flembot_description/local_setup.dsv
[0.730s] -- Symlinking: /home/vboxuser/ros2_ws/install/flembot_description/share/flembot_description/package.dsv
[0.734s] -- Symlinking: /home/vboxuser/ros2_ws/install/flembot_description/share/ament_index/resource_index/packages/flembot_description
[0.739s] -- Symlinking: /home/vboxuser/ros2_ws/install/flembot_description/share/flembot_description/cmake/flembot_descriptionConfig.cmake
[0.744s] -- Symlinking: /home/vboxuser/ros2_ws/install/flembot_description/share/flembot_description/cmake/flembot_descriptionConfig-version.cmake
[0.748s] -- Symlinking: /home/vboxuser/ros2_ws/install/flembot_description/share/flembot_description/package.xml
[0.753s] Invoked command in '/home/vboxuser/ros2_ws/build/flembot_description' returned '0': CMAKE_PREFIX_PATH=${CMAKE_PREFIX_PATH}:/home/vboxuser/ros2_ws/install/flembot_control:/home/vboxuser/ros2_ws/install/flembot_bringup:/opt/ros/jazzy DEBUGINFOD_URLS=https://debuginfod.ubuntu.com /usr/bin/cmake --install /home/vboxuser/ros2_ws/build/flembot_description
