[1.415s] Invoking command in '/home/vboxuser/ros2_ws/build/flembot_control': DEBUGINFOD_URLS=https://debuginfod.ubuntu.com PYTHONPATH=/home/vboxuser/ros2_ws/build/flembot_control/prefix_override:/usr/lib/python3/dist-packages/colcon_core/task/python/colcon_distutils_commands:/home/vboxuser/ros2_ws/install/flembot_control/lib/python3.12/site-packages:${PYTHONPATH} /usr/bin/python3 -W ignore:setup.py install is deprecated -W ignore:easy_install command is deprecated setup.py develop --editable --build-directory /home/vboxuser/ros2_ws/build/flembot_control/build --no-deps symlink_data
[1.833s] running develop
[2.025s] running egg_info
[2.025s] creating flembot_control.egg-info
[2.044s] writing flembot_control.egg-info/PKG-INFO
[2.044s] writing dependency_links to flembot_control.egg-info/dependency_links.txt
[2.044s] writing entry points to flembot_control.egg-info/entry_points.txt
[2.044s] writing requirements to flembot_control.egg-info/requires.txt
[2.045s] writing top-level names to flembot_control.egg-info/top_level.txt
[2.045s] writing manifest file 'flembot_control.egg-info/SOURCES.txt'
[2.089s] reading manifest file 'flembot_control.egg-info/SOURCES.txt'
[2.090s] writing manifest file 'flembot_control.egg-info/SOURCES.txt'
[2.120s] running build_ext
[2.121s] Creating /home/vboxuser/ros2_ws/install/flembot_control/lib/python3.12/site-packages/flembot-control.egg-link (link to .)
[2.122s] Installing teleop script to /home/vboxuser/ros2_ws/install/flembot_control/lib/flembot_control
[2.122s] 
[2.122s] Installed /home/vboxuser/ros2_ws/build/flembot_control
[2.122s] running symlink_data
[2.122s] creating /home/vboxuser/ros2_ws/install/flembot_control/share/ament_index
[2.122s] creating /home/vboxuser/ros2_ws/install/flembot_control/share/ament_index/resource_index
[2.122s] creating /home/vboxuser/ros2_ws/install/flembot_control/share/ament_index/resource_index/packages
[2.122s] symbolically linking /home/vboxuser/ros2_ws/build/flembot_control/resource/flembot_control -> /home/vboxuser/ros2_ws/install/flembot_control/share/ament_index/resource_index/packages
[2.122s] symbolically linking /home/vboxuser/ros2_ws/build/flembot_control/package.xml -> /home/vboxuser/ros2_ws/install/flembot_control/share/flembot_control
[2.172s] Invoked command in '/home/vboxuser/ros2_ws/build/flembot_control' returned '0': DEBUGINFOD_URLS=https://debuginfod.ubuntu.com PYTHONPATH=/home/vboxuser/ros2_ws/build/flembot_control/prefix_override:/usr/lib/python3/dist-packages/colcon_core/task/python/colcon_distutils_commands:/home/vboxuser/ros2_ws/install/flembot_control/lib/python3.12/site-packages:${PYTHONPATH} /usr/bin/python3 -W ignore:setup.py install is deprecated -W ignore:easy_install command is deprecated setup.py develop --editable --build-directory /home/vboxuser/ros2_ws/build/flembot_control/build --no-deps symlink_data
